TN:
SF:C:\Users\Kingsley\Desktop\Projects\Maintenance-Tracker\server\app.js
FN:21,(anonymous_0)
FN:28,(anonymous_1)
FN:38,(anonymous_2)
FNF:3
FNH:3
FNDA:1,(anonymous_0)
FNDA:1,(anonymous_1)
FNDA:1,(anonymous_2)
DA:9,1
DA:10,1
DA:12,1
DA:15,1
DA:16,1
DA:17,1
DA:18,1
DA:19,1
DA:21,1
DA:22,1
DA:28,1
DA:29,1
DA:35,1
DA:36,1
DA:37,1
DA:38,1
DA:39,1
DA:42,0
LF:18
LH:17
BRDA:37,0,0,1
BRDA:37,0,1,0
BRF:2
BRH:1
end_of_record
TN:
SF:C:\Users\Kingsley\Desktop\Projects\Maintenance-Tracker\server\configs\index.js
FNF:0
FNH:0
DA:3,1
DA:5,1
DA:13,1
DA:21,1
LF:4
LH:4
BRF:0
BRH:0
end_of_record
TN:
SF:C:\Users\Kingsley\Desktop\Projects\Maintenance-Tracker\server\controllers\index.js
FNF:0
FNH:0
DA:4,1
LF:1
LH:1
BRF:0
BRH:0
end_of_record
TN:
SF:C:\Users\Kingsley\Desktop\Projects\Maintenance-Tracker\server\controllers\requestController.js
FN:18,(anonymous_0)
FN:19,(anonymous_1)
FN:25,(anonymous_2)
FN:35,(anonymous_3)
FN:58,(anonymous_4)
FN:59,(anonymous_5)
FN:63,(anonymous_6)
FN:67,(anonymous_7)
FN:90,(anonymous_8)
FN:91,(anonymous_9)
FN:95,(anonymous_10)
FN:99,(anonymous_11)
FN:121,(anonymous_12)
FN:122,(anonymous_13)
FN:148,(anonymous_14)
FN:152,(anonymous_15)
FN:176,(anonymous_16)
FN:177,(anonymous_17)
FN:181,(anonymous_18)
FN:185,(anonymous_19)
FN:214,(anonymous_20)
FN:240,(anonymous_21)
FN:241,(anonymous_22)
FN:244,(anonymous_23)
FN:248,(anonymous_24)
FN:257,(anonymous_25)
FN:278,(anonymous_26)
FN:279,(anonymous_27)
FN:283,(anonymous_28)
FN:287,(anonymous_29)
FN:299,(anonymous_30)
FNF:31
FNH:25
FNDA:1,(anonymous_0)
FNDA:1,(anonymous_1)
FNDA:1,(anonymous_2)
FNDA:1,(anonymous_3)
FNDA:2,(anonymous_4)
FNDA:2,(anonymous_5)
FNDA:2,(anonymous_6)
FNDA:2,(anonymous_7)
FNDA:1,(anonymous_8)
FNDA:2,(anonymous_9)
FNDA:2,(anonymous_10)
FNDA:2,(anonymous_11)
FNDA:2,(anonymous_12)
FNDA:2,(anonymous_13)
FNDA:0,(anonymous_14)
FNDA:0,(anonymous_15)
FNDA:1,(anonymous_16)
FNDA:1,(anonymous_17)
FNDA:1,(anonymous_18)
FNDA:1,(anonymous_19)
FNDA:1,(anonymous_20)
FNDA:3,(anonymous_21)
FNDA:0,(anonymous_22)
FNDA:0,(anonymous_23)
FNDA:0,(anonymous_24)
FNDA:0,(anonymous_25)
FNDA:1,(anonymous_26)
FNDA:1,(anonymous_27)
FNDA:1,(anonymous_28)
FNDA:1,(anonymous_29)
FNDA:1,(anonymous_30)
DA:19,1
DA:20,1
DA:21,1
DA:22,1
DA:23,1
DA:25,1
DA:26,1
DA:27,0
DA:31,1
DA:32,1
DA:35,1
DA:36,1
DA:37,1
DA:38,0
DA:40,1
DA:59,2
DA:60,2
DA:61,2
DA:62,2
DA:63,2
DA:64,2
DA:65,0
DA:67,2
DA:68,2
DA:69,2
DA:70,0
DA:71,2
DA:72,1
DA:74,1
DA:91,1
DA:92,2
DA:93,2
DA:94,2
DA:95,2
DA:96,2
DA:97,0
DA:99,2
DA:100,2
DA:101,2
DA:102,0
DA:103,2
DA:104,1
DA:106,1
DA:122,2
DA:123,2
DA:124,2
DA:126,0
DA:127,0
DA:128,0
DA:129,0
DA:130,0
DA:131,0
DA:132,0
DA:133,0
DA:135,0
DA:136,0
DA:137,0
DA:139,0
DA:140,0
DA:141,0
DA:143,0
DA:144,0
DA:145,0
DA:147,0
DA:148,0
DA:149,0
DA:150,0
DA:152,0
DA:153,0
DA:154,0
DA:155,0
DA:156,0
DA:157,0
DA:159,0
DA:177,1
DA:178,1
DA:180,1
DA:181,1
DA:182,1
DA:183,0
DA:185,1
DA:186,1
DA:187,1
DA:188,0
DA:189,1
DA:190,0
DA:192,1
DA:194,1
DA:195,0
DA:196,0
DA:200,1
DA:201,1
DA:210,1
DA:214,1
DA:215,1
DA:216,1
DA:217,0
DA:218,1
DA:219,1
DA:220,1
DA:241,3
DA:242,0
DA:243,0
DA:244,0
DA:245,0
DA:246,0
DA:248,0
DA:249,0
DA:250,0
DA:251,0
DA:252,0
DA:253,0
DA:255,0
DA:257,0
DA:258,0
DA:259,0
DA:260,0
DA:261,0
DA:262,0
DA:279,1
DA:280,1
DA:281,1
DA:282,1
DA:283,1
DA:284,1
DA:285,0
DA:287,1
DA:288,1
DA:289,1
DA:290,0
DA:291,1
DA:292,0
DA:293,1
DA:294,0
DA:295,0
DA:296,0
DA:298,1
DA:299,1
DA:300,1
DA:301,0
DA:303,1
LF:141
LH:76
BRDA:26,0,0,0
BRDA:26,0,1,1
BRDA:37,1,0,0
BRDA:37,1,1,1
BRDA:61,2,0,0
BRDA:61,2,1,2
BRDA:64,3,0,0
BRDA:64,3,1,2
BRDA:67,4,0,0
BRDA:67,4,1,2
BRDA:69,5,0,0
BRDA:69,5,1,2
BRDA:71,6,0,1
BRDA:71,6,1,1
BRDA:96,7,0,0
BRDA:96,7,1,2
BRDA:101,8,0,0
BRDA:101,8,1,2
BRDA:103,9,0,1
BRDA:103,9,1,1
BRDA:123,10,0,2
BRDA:123,10,1,0
BRDA:131,11,0,0
BRDA:131,11,1,0
BRDA:135,12,0,0
BRDA:135,12,1,0
BRDA:139,13,0,0
BRDA:139,13,1,0
BRDA:141,14,0,0
BRDA:141,14,1,0
BRDA:143,15,0,0
BRDA:143,15,1,0
BRDA:145,16,0,0
BRDA:145,16,1,0
BRDA:149,17,0,0
BRDA:149,17,1,0
BRDA:154,18,0,0
BRDA:154,18,1,0
BRDA:156,19,0,0
BRDA:156,19,1,0
BRDA:182,20,0,0
BRDA:182,20,1,1
BRDA:187,21,0,0
BRDA:187,21,1,1
BRDA:189,22,0,0
BRDA:189,22,1,1
BRDA:194,23,0,0
BRDA:194,23,1,1
BRDA:202,24,0,1
BRDA:202,24,1,1
BRDA:203,25,0,1
BRDA:203,25,1,0
BRDA:204,26,0,1
BRDA:204,26,1,1
BRDA:205,27,0,1
BRDA:205,27,1,1
BRDA:216,28,0,0
BRDA:216,28,1,1
BRDA:218,29,0,1
BRDA:218,29,1,0
BRDA:245,30,0,0
BRDA:245,30,1,0
BRDA:250,31,0,0
BRDA:250,31,1,0
BRDA:252,32,0,0
BRDA:252,32,1,0
BRDA:258,33,0,0
BRDA:258,33,1,0
BRDA:260,34,0,0
BRDA:260,34,1,0
BRDA:284,35,0,0
BRDA:284,35,1,1
BRDA:289,36,0,0
BRDA:289,36,1,1
BRDA:291,37,0,0
BRDA:291,37,1,1
BRDA:293,38,0,0
BRDA:293,38,1,1
BRDA:300,39,0,0
BRDA:300,39,1,1
BRF:80
BRH:31
end_of_record
TN:
SF:C:\Users\Kingsley\Desktop\Projects\Maintenance-Tracker\server\controllers\userController.js
FN:24,(anonymous_0)
FN:25,(anonymous_1)
FN:34,(anonymous_2)
FN:39,(anonymous_3)
FN:60,(anonymous_4)
FN:61,(anonymous_5)
FN:71,(anonymous_6)
FN:75,(anonymous_7)
FN:113,(anonymous_8)
FN:114,(anonymous_9)
FN:131,(anonymous_10)
FN:136,(anonymous_11)
FN:171,(anonymous_12)
FN:172,(anonymous_13)
FN:177,(anonymous_14)
FN:183,(anonymous_15)
FN:219,(anonymous_16)
FN:231,(anonymous_17)
FN:235,(anonymous_18)
FN:243,(anonymous_19)
FN:260,(anonymous_20)
FN:261,(anonymous_21)
FN:271,(anonymous_22)
FN:275,(anonymous_23)
FN:295,(anonymous_24)
FN:296,(anonymous_25)
FN:299,(anonymous_26)
FN:303,(anonymous_27)
FN:327,(anonymous_28)
FN:328,(anonymous_29)
FN:331,(anonymous_30)
FN:335,(anonymous_31)
FN:355,(anonymous_32)
FN:367,(anonymous_33)
FNF:34
FNH:23
FNDA:1,(anonymous_0)
FNDA:2,(anonymous_1)
FNDA:2,(anonymous_2)
FNDA:2,(anonymous_3)
FNDA:1,(anonymous_4)
FNDA:5,(anonymous_5)
FNDA:4,(anonymous_6)
FNDA:4,(anonymous_7)
FNDA:8,(anonymous_8)
FNDA:20,(anonymous_9)
FNDA:18,(anonymous_10)
FNDA:18,(anonymous_11)
FNDA:7,(anonymous_12)
FNDA:3,(anonymous_13)
FNDA:0,(anonymous_14)
FNDA:0,(anonymous_15)
FNDA:2,(anonymous_16)
FNDA:2,(anonymous_17)
FNDA:2,(anonymous_18)
FNDA:1,(anonymous_19)
FNDA:1,(anonymous_20)
FNDA:0,(anonymous_21)
FNDA:0,(anonymous_22)
FNDA:0,(anonymous_23)
FNDA:1,(anonymous_24)
FNDA:0,(anonymous_25)
FNDA:0,(anonymous_26)
FNDA:0,(anonymous_27)
FNDA:1,(anonymous_28)
FNDA:0,(anonymous_29)
FNDA:0,(anonymous_30)
FNDA:0,(anonymous_31)
FNDA:4,(anonymous_32)
FNDA:5,(anonymous_33)
DA:8,1
DA:25,1
DA:26,2
DA:27,2
DA:28,2
DA:29,2
DA:30,2
DA:34,2
DA:35,2
DA:36,0
DA:38,2
DA:40,2
DA:41,2
DA:42,0
DA:44,2
DA:61,1
DA:62,5
DA:63,5
DA:67,5
DA:68,1
DA:70,4
DA:71,4
DA:72,4
DA:73,0
DA:75,4
DA:76,4
DA:77,4
DA:78,0
DA:79,4
DA:81,3
DA:82,3
DA:100,1
DA:114,8
DA:115,20
DA:116,20
DA:117,20
DA:119,20
DA:120,19
DA:121,19
DA:122,19
DA:124,19
DA:125,19
DA:128,18
DA:129,18
DA:130,18
DA:131,18
DA:132,18
DA:133,0
DA:134,0
DA:136,18
DA:137,18
DA:138,18
DA:139,0
DA:140,0
DA:141,18
DA:142,0
DA:144,18
DA:145,18
DA:150,1
DA:151,0
DA:153,1
DA:155,1
DA:158,1
DA:172,7
DA:174,3
DA:175,3
DA:176,3
DA:177,0
DA:178,0
DA:179,0
DA:181,0
DA:183,0
DA:184,0
DA:185,0
DA:186,0
DA:187,0
DA:190,0
DA:191,0
DA:192,0
DA:193,0
DA:194,0
DA:196,0
DA:200,3
DA:201,3
DA:202,0
DA:203,3
DA:204,0
DA:206,3
DA:208,0
DA:220,2
DA:221,2
DA:222,2
DA:230,2
DA:231,2
DA:232,2
DA:233,0
DA:235,2
DA:236,2
DA:237,2
DA:238,0
DA:239,2
DA:240,1
DA:243,1
DA:244,1
DA:245,0
DA:261,1
DA:262,0
DA:263,0
DA:264,0
DA:267,0
DA:271,0
DA:272,0
DA:273,0
DA:275,0
DA:276,0
DA:277,0
DA:278,0
DA:279,0
DA:280,0
DA:281,0
DA:296,1
DA:297,0
DA:298,0
DA:299,0
DA:300,0
DA:301,0
DA:303,0
DA:304,0
DA:305,0
DA:306,0
DA:307,0
DA:308,0
DA:310,0
DA:328,1
DA:329,0
DA:330,0
DA:331,0
DA:332,0
DA:333,0
DA:335,0
DA:336,0
DA:337,0
DA:338,0
DA:339,0
DA:340,0
DA:356,4
DA:368,5
LF:147
LH:79
BRDA:35,0,0,0
BRDA:35,0,1,2
BRDA:41,1,0,0
BRDA:41,1,1,2
BRDA:64,2,0,3
BRDA:64,2,1,2
BRDA:65,3,0,1
BRDA:65,3,1,4
BRDA:67,4,0,1
BRDA:67,4,1,4
BRDA:67,5,0,5
BRDA:67,5,1,4
BRDA:67,5,2,4
BRDA:72,6,0,0
BRDA:72,6,1,4
BRDA:77,7,0,0
BRDA:77,7,1,4
BRDA:79,8,0,3
BRDA:79,8,1,1
BRDA:79,9,0,4
BRDA:79,9,1,3
BRDA:117,10,0,20
BRDA:117,10,1,20
BRDA:117,10,2,20
BRDA:117,10,3,20
BRDA:117,10,4,1
BRDA:119,11,0,19
BRDA:119,11,1,1
BRDA:122,12,0,0
BRDA:122,12,1,19
BRDA:128,13,0,18
BRDA:128,13,1,0
BRDA:132,14,0,0
BRDA:132,14,1,18
BRDA:138,15,0,0
BRDA:138,15,1,18
BRDA:141,16,0,0
BRDA:141,16,1,18
BRDA:150,17,0,0
BRDA:150,17,1,1
BRDA:176,18,0,0
BRDA:176,18,1,3
BRDA:176,19,0,3
BRDA:176,19,1,0
BRDA:178,20,0,0
BRDA:178,20,1,0
BRDA:185,21,0,0
BRDA:185,21,1,0
BRDA:187,22,0,0
BRDA:187,22,1,0
BRDA:187,23,0,0
BRDA:187,23,1,0
BRDA:187,23,2,0
BRDA:192,24,0,0
BRDA:192,24,1,0
BRDA:192,25,0,0
BRDA:192,25,1,0
BRDA:200,26,0,3
BRDA:200,26,1,0
BRDA:201,27,0,0
BRDA:201,27,1,3
BRDA:203,28,0,0
BRDA:203,28,1,3
BRDA:203,29,0,3
BRDA:203,29,1,2
BRDA:203,29,2,3
BRDA:206,30,0,0
BRDA:206,30,1,3
BRDA:232,31,0,0
BRDA:232,31,1,2
BRDA:237,32,0,0
BRDA:237,32,1,2
BRDA:239,33,0,1
BRDA:239,33,1,1
BRDA:244,34,0,0
BRDA:244,34,1,1
BRDA:272,35,0,0
BRDA:272,35,1,0
BRDA:277,36,0,0
BRDA:277,36,1,0
BRDA:279,37,0,0
BRDA:279,37,1,0
BRDA:300,38,0,0
BRDA:300,38,1,0
BRDA:305,39,0,0
BRDA:305,39,1,0
BRDA:307,40,0,0
BRDA:307,40,1,0
BRDA:332,41,0,0
BRDA:332,41,1,0
BRDA:337,42,0,0
BRDA:337,42,1,0
BRDA:339,43,0,0
BRDA:339,43,1,0
BRF:94
BRH:44
end_of_record
TN:
SF:C:\Users\Kingsley\Desktop\Projects\Maintenance-Tracker\server\database\index.js
FN:25,(anonymous_0)
FN:36,(anonymous_1)
FN:48,(anonymous_2)
FN:59,(anonymous_3)
FNF:4
FNH:4
FNDA:1,(anonymous_0)
FNDA:1,(anonymous_1)
FNDA:1,(anonymous_2)
FNDA:42,(anonymous_3)
DA:9,1
DA:10,1
DA:11,1
DA:13,0
DA:26,1
DA:37,1
DA:38,1
DA:49,1
DA:50,1
DA:60,42
LF:10
LH:9
BRDA:10,0,0,1
BRDA:10,0,1,0
BRDA:13,1,0,0
BRDA:13,1,1,0
BRDA:37,2,0,1
BRDA:37,2,1,1
BRDA:49,3,0,1
BRDA:49,3,1,1
BRF:8
BRH:5
end_of_record
TN:
SF:C:\Users\Kingsley\Desktop\Projects\Maintenance-Tracker\server\routes\authRoutes.js
FNF:0
FNH:0
DA:5,1
DA:6,1
DA:8,1
DA:15,1
DA:18,1
DA:27,1
DA:32,1
LF:7
LH:7
BRF:0
BRH:0
end_of_record
TN:
SF:C:\Users\Kingsley\Desktop\Projects\Maintenance-Tracker\server\routes\index.js
FNF:0
FNH:0
DA:4,1
LF:1
LH:1
BRF:0
BRH:0
end_of_record
TN:
SF:C:\Users\Kingsley\Desktop\Projects\Maintenance-Tracker\server\routes\requestRoutes.js
FNF:0
FNH:0
DA:8,1
DA:9,1
DA:11,1
DA:13,1
DA:21,1
DA:27,1
DA:35,1
DA:40,1
DA:45,1
LF:9
LH:9
BRF:0
BRH:0
end_of_record
TN:
SF:C:\Users\Kingsley\Desktop\Projects\Maintenance-Tracker\server\services\utilityService.js
FN:22,(anonymous_0)
FN:35,(anonymous_1)
FN:53,(anonymous_2)
FN:79,(anonymous_3)
FN:95,(anonymous_4)
FN:115,(anonymous_5)
FN:131,(anonymous_6)
FNF:7
FNH:7
FNDA:57,(anonymous_0)
FNDA:8,(anonymous_1)
FNDA:33,(anonymous_2)
FNDA:85,(anonymous_3)
FNDA:10,(anonymous_4)
FNDA:12,(anonymous_5)
FNDA:10,(anonymous_6)
DA:23,57
DA:24,57
DA:26,57
DA:28,57
DA:29,2
DA:30,2
DA:31,2
DA:32,2
DA:33,2
DA:34,2
DA:35,2
DA:36,8
DA:37,8
DA:42,0
DA:43,0
DA:47,0
DA:50,55
DA:51,55
DA:52,14
DA:53,14
DA:54,33
DA:55,33
DA:60,41
DA:61,41
DA:65,0
DA:66,57
DA:80,85
DA:81,85
DA:82,85
DA:96,10
DA:116,12
DA:132,10
DA:133,10
LF:33
LH:29
BRDA:24,0,0,16
BRDA:24,0,1,41
BRDA:24,1,0,57
BRDA:24,1,1,16
BRDA:26,2,0,1
BRDA:26,2,1,56
BRDA:26,3,0,57
BRDA:26,3,1,16
BRDA:28,4,0,2
BRDA:28,4,1,55
BRDA:31,5,0,2
BRDA:31,5,1,0
BRDA:32,6,0,2
BRDA:32,6,1,0
BRDA:33,7,0,2
BRDA:33,7,1,0
BRDA:37,8,0,1
BRDA:37,8,1,7
BRDA:43,9,0,0
BRDA:43,9,1,0
BRDA:50,10,0,55
BRDA:50,10,1,0
BRDA:51,11,0,14
BRDA:51,11,1,41
BRDA:55,12,0,0
BRDA:55,12,1,33
BRDA:61,13,0,0
BRDA:61,13,1,41
BRDA:80,14,0,7
BRDA:80,14,1,78
BRDA:81,15,0,41
BRDA:81,15,1,44
BRDA:82,16,0,45
BRDA:82,16,1,40
BRF:34
BRH:26
end_of_record
TN:
SF:C:\Users\Kingsley\Desktop\Projects\Maintenance-Tracker\server\validations\index.js
FNF:0
FNH:0
DA:4,1
LF:1
LH:1
BRF:0
BRH:0
end_of_record
TN:
SF:C:\Users\Kingsley\Desktop\Projects\Maintenance-Tracker\server\validations\requestValidations.js
FN:19,(anonymous_0)
FN:20,(anonymous_1)
FN:62,(anonymous_2)
FN:105,(anonymous_3)
FNF:4
FNH:4
FNDA:2,(anonymous_0)
FNDA:13,(anonymous_1)
FNDA:12,(anonymous_2)
FNDA:1,(anonymous_3)
DA:20,2
DA:24,13
DA:25,13
DA:26,13
DA:27,13
DA:28,13
DA:30,13
DA:31,12
DA:34,1
DA:35,1
DA:40,13
DA:41,2
DA:44,2
DA:46,11
DA:66,12
DA:70,12
DA:71,0
DA:72,12
DA:73,0
DA:74,12
DA:75,0
DA:76,12
DA:77,0
DA:78,12
DA:79,2
DA:80,10
DA:81,2
DA:82,8
DA:83,2
DA:84,6
DA:85,2
DA:86,4
DA:87,1
DA:88,3
DA:89,1
DA:90,2
DA:91,1
DA:94,12
DA:109,1
DA:111,1
DA:112,0
DA:113,1
DA:114,0
DA:115,1
DA:116,0
DA:117,1
DA:118,0
DA:119,1
DA:120,0
DA:121,1
DA:122,0
DA:123,1
DA:124,0
DA:127,1
LF:54
LH:43
BRDA:30,0,0,12
BRDA:30,0,1,1
BRDA:34,1,0,1
BRDA:34,1,1,0
BRDA:40,2,0,2
BRDA:40,2,1,11
BRDA:70,3,0,0
BRDA:70,3,1,12
BRDA:72,4,0,0
BRDA:72,4,1,12
BRDA:74,5,0,0
BRDA:74,5,1,12
BRDA:76,6,0,0
BRDA:76,6,1,12
BRDA:78,7,0,2
BRDA:78,7,1,10
BRDA:80,8,0,2
BRDA:80,8,1,8
BRDA:82,9,0,2
BRDA:82,9,1,6
BRDA:84,10,0,2
BRDA:84,10,1,4
BRDA:86,11,0,1
BRDA:86,11,1,3
BRDA:88,12,0,1
BRDA:88,12,1,2
BRDA:90,13,0,1
BRDA:90,13,1,1
BRDA:111,14,0,0
BRDA:111,14,1,1
BRDA:111,15,0,1
BRDA:111,15,1,0
BRDA:113,16,0,0
BRDA:113,16,1,1
BRDA:113,17,0,1
BRDA:113,17,1,0
BRDA:115,18,0,0
BRDA:115,18,1,1
BRDA:115,19,0,1
BRDA:115,19,1,1
BRDA:117,20,0,0
BRDA:117,20,1,1
BRDA:117,21,0,1
BRDA:117,21,1,1
BRDA:119,22,0,0
BRDA:119,22,1,1
BRDA:119,23,0,1
BRDA:119,23,1,0
BRDA:121,24,0,0
BRDA:121,24,1,1
BRDA:121,25,0,1
BRDA:121,25,1,0
BRDA:123,26,0,0
BRDA:123,26,1,1
BRDA:123,27,0,1
BRDA:123,27,1,0
BRF:56
BRH:39
end_of_record
TN:
SF:C:\Users\Kingsley\Desktop\Projects\Maintenance-Tracker\server\validations\userValidations.js
FN:20,(anonymous_0)
FN:21,(anonymous_1)
FN:64,(anonymous_2)
FN:65,(anonymous_3)
FN:88,(anonymous_4)
FN:89,(anonymous_5)
FN:93,(anonymous_6)
FN:100,(anonymous_7)
FN:124,(anonymous_8)
FN:125,(anonymous_9)
FN:145,(anonymous_10)
FN:146,(anonymous_11)
FNF:12
FNH:10
FNDA:2,(anonymous_0)
FNDA:10,(anonymous_1)
FNDA:1,(anonymous_2)
FNDA:0,(anonymous_3)
FNDA:4,(anonymous_4)
FNDA:7,(anonymous_5)
FNDA:7,(anonymous_6)
FNDA:7,(anonymous_7)
FNDA:2,(anonymous_8)
FNDA:14,(anonymous_9)
FNDA:1,(anonymous_10)
FNDA:0,(anonymous_11)
DA:21,2
DA:22,10
DA:25,10
DA:27,10
DA:28,10
DA:29,10
DA:31,10
DA:32,1
DA:33,9
DA:34,1
DA:35,8
DA:36,1
DA:37,7
DA:38,0
DA:39,7
DA:40,1
DA:41,6
DA:42,1
DA:43,5
DA:44,1
DA:47,10
DA:48,4
DA:51,4
DA:53,6
DA:65,1
DA:66,0
DA:69,0
DA:70,0
DA:71,0
DA:72,0
DA:73,0
DA:74,0
DA:76,0
DA:89,4
DA:90,7
DA:91,7
DA:92,7
DA:93,7
DA:94,7
DA:95,0
DA:100,7
DA:101,7
DA:102,7
DA:103,0
DA:104,7
DA:105,2
DA:110,5
DA:125,2
DA:126,14
DA:127,14
DA:128,4
DA:134,10
DA:146,1
DA:148,0
DA:149,0
DA:150,0
DA:152,0
DA:154,0
LF:58
LH:42
BRDA:31,0,0,1
BRDA:31,0,1,9
BRDA:33,1,0,1
BRDA:33,1,1,8
BRDA:35,2,0,1
BRDA:35,2,1,7
BRDA:37,3,0,0
BRDA:37,3,1,7
BRDA:39,4,0,1
BRDA:39,4,1,6
BRDA:41,5,0,1
BRDA:41,5,1,5
BRDA:43,6,0,1
BRDA:43,6,1,4
BRDA:47,7,0,4
BRDA:47,7,1,6
BRDA:69,8,0,0
BRDA:69,8,1,0
BRDA:71,9,0,0
BRDA:71,9,1,0
BRDA:73,10,0,0
BRDA:73,10,1,0
BRDA:76,11,0,0
BRDA:76,11,1,0
BRDA:94,12,0,0
BRDA:94,12,1,7
BRDA:102,13,0,0
BRDA:102,13,1,7
BRDA:104,14,0,2
BRDA:104,14,1,5
BRDA:127,15,0,4
BRDA:127,15,1,10
BRDA:127,16,0,14
BRDA:127,16,1,13
BRDA:127,16,2,12
BRDA:149,17,0,0
BRDA:149,17,1,0
BRF:37
BRH:24
end_of_record
